mode: set
github.com/cocos543/DSA/core/search/search.go:14.77,18.13 4 0
github.com/cocos543/DSA/core/search/search.go:32.2,32.14 1 0
github.com/cocos543/DSA/core/search/search.go:18.13,22.36 3 0
github.com/cocos543/DSA/core/search/search.go:26.3,26.35 1 0
github.com/cocos543/DSA/core/search/search.go:22.36,24.9 2 0
github.com/cocos543/DSA/core/search/search.go:26.35,28.4 1 0
github.com/cocos543/DSA/core/search/search.go:28.4,28.42 1 0
github.com/cocos543/DSA/core/search/search.go:28.42,30.4 1 0
github.com/cocos543/DSA/core/search/search.go:37.32,42.33 4 0
github.com/cocos543/DSA/core/search/search.go:52.2,52.10 1 0
github.com/cocos543/DSA/core/search/search.go:42.33,44.14 2 0
github.com/cocos543/DSA/core/search/search.go:49.3,49.18 1 0
github.com/cocos543/DSA/core/search/search.go:44.14,46.4 1 0
github.com/cocos543/DSA/core/search/search.go:46.4,46.21 1 0
github.com/cocos543/DSA/core/search/search.go:46.21,48.4 1 0
github.com/cocos543/DSA/core/search/search.go:58.78,62.18 4 0
github.com/cocos543/DSA/core/search/search.go:79.2,79.14 1 0
github.com/cocos543/DSA/core/search/search.go:62.18,66.35 3 0
github.com/cocos543/DSA/core/search/search.go:66.35,68.4 1 0
github.com/cocos543/DSA/core/search/search.go:68.4,68.42 1 0
github.com/cocos543/DSA/core/search/search.go:68.42,70.4 1 0
github.com/cocos543/DSA/core/search/search.go:70.4,71.54 1 0
github.com/cocos543/DSA/core/search/search.go:71.54,73.10 2 0
github.com/cocos543/DSA/core/search/search.go:74.5,76.5 1 0
github.com/cocos543/DSA/core/search/search.go:85.78,89.18 4 0
github.com/cocos543/DSA/core/search/search.go:106.2,106.14 1 0
github.com/cocos543/DSA/core/search/search.go:89.18,93.35 3 0
github.com/cocos543/DSA/core/search/search.go:93.35,95.4 1 0
github.com/cocos543/DSA/core/search/search.go:95.4,95.42 1 0
github.com/cocos543/DSA/core/search/search.go:95.42,97.4 1 0
github.com/cocos543/DSA/core/search/search.go:97.4,98.63 1 0
github.com/cocos543/DSA/core/search/search.go:98.63,100.10 2 0
github.com/cocos543/DSA/core/search/search.go:101.5,103.5 1 0
github.com/cocos543/DSA/core/search/search.go:112.78,116.18 4 0
github.com/cocos543/DSA/core/search/search.go:131.2,131.14 1 0
github.com/cocos543/DSA/core/search/search.go:116.18,120.36 3 0
github.com/cocos543/DSA/core/search/search.go:120.36,121.53 1 0
github.com/cocos543/DSA/core/search/search.go:121.53,123.10 2 0
github.com/cocos543/DSA/core/search/search.go:124.5,126.5 1 0
github.com/cocos543/DSA/core/search/search.go:127.4,129.4 1 0
github.com/cocos543/DSA/core/search/search.go:137.78,141.18 4 0
github.com/cocos543/DSA/core/search/search.go:157.2,157.14 1 0
github.com/cocos543/DSA/core/search/search.go:141.18,145.36 3 0
github.com/cocos543/DSA/core/search/search.go:145.36,146.62 1 0
github.com/cocos543/DSA/core/search/search.go:146.62,148.10 2 0
github.com/cocos543/DSA/core/search/search.go:149.5,151.5 1 0
github.com/cocos543/DSA/core/search/search.go:152.4,154.4 1 0
github.com/cocos543/DSA/core/search/search.go:162.54,166.18 4 0
github.com/cocos543/DSA/core/search/search.go:197.2,197.14 1 0
github.com/cocos543/DSA/core/search/search.go:166.18,170.29 3 0
github.com/cocos543/DSA/core/search/search.go:179.3,179.32 1 0
github.com/cocos543/DSA/core/search/search.go:170.29,172.9 2 0
github.com/cocos543/DSA/core/search/search.go:179.32,181.53 1 0
github.com/cocos543/DSA/core/search/search.go:181.53,183.5 1 0
github.com/cocos543/DSA/core/search/search.go:183.5,185.5 1 0
github.com/cocos543/DSA/core/search/search.go:186.4,189.54 1 0
github.com/cocos543/DSA/core/search/search.go:189.54,191.5 1 0
github.com/cocos543/DSA/core/search/search.go:191.5,193.5 1 0
